current directory: /Users/div/CoderAcademy/!Assignments/DavidOliverius_T2A2/record_market/vender/cache/ruby/2.7.0/gems/bcrypt-3.1.18/ext/mri
/Users/div/.rbenv/versions/2.7.5/bin/ruby -I /Users/div/.rbenv/versions/2.7.5/lib/ruby/2.7.0 -r ./siteconf20220628-19998-5c43lb.rb extconf.rb
creating Makefile

current directory: /Users/div/CoderAcademy/!Assignments/DavidOliverius_T2A2/record_market/vender/cache/ruby/2.7.0/gems/bcrypt-3.1.18/ext/mri
make "DESTDIR=" clean

current directory: /Users/div/CoderAcademy/!Assignments/DavidOliverius_T2A2/record_market/vender/cache/ruby/2.7.0/gems/bcrypt-3.1.18/ext/mri
make "DESTDIR="
compiling bcrypt_ext.c
compiling crypt_blowfish.c
clang  -D__SKIP_GNU -I/Users/div/.rbenv/versions/2.7.5/include  -D_XOPEN_SOURCE -D_DARWIN_C_SOURCE -D_DARWIN_UNLIMITED_SELECT -D_REENTRANT    -c -o x86.o x86.S
compiling crypt_gensalt.c
compiling wrapper.c
wrapper.c:182:60: warning: declaration of 'struct crypt_data' will not be visible outside of this function [-Wvisibility]
char *crypt_r(const char *key, const char *setting, struct crypt_data *data)
                                                           ^
1 warning generated.
linking shared-object bcrypt_ext.bundle

current directory: /Users/div/CoderAcademy/!Assignments/DavidOliverius_T2A2/record_market/vender/cache/ruby/2.7.0/gems/bcrypt-3.1.18/ext/mri
make "DESTDIR=" install
/usr/bin/install -c -m 0755 bcrypt_ext.bundle ./.gem.20220628-19998-bm6kqx
